<?xml version="1.0" encoding="UTF-8"?>
<testsuites name="Positive" time="178.577" tests="3" failures="0" errors="0">
   <testsuite name="Positive" tests="3" failures="0" errors="0" time="178.577" skipped="0" timestamp="29-08-2024T13:39:02" hostname="Ali Asad - 172.10.0.89" id="Test Suites/Authentication/Sign in/Positive">
      <properties>
         <property name="deviceName" value="Xiaomi 23028RNCAG (Android 13)"/>
         <property name="devicePlatform" value="Android"/>
         <property name="logFolder" value="D:\\Automation Project\\Data Plain - Android\\Reports\\20240829_133853\\Authentication\\Sign in\\Positive\\20240829_133853"/>
         <property name="logFiles" value="D:\\Automation Project\\Data Plain - Android\\Reports\\20240829_133853\\Authentication\\Sign in\\Positive\\20240829_133853\\appium.log, D:\\Automation Project\\Data Plain - Android\\Reports\\20240829_133853\\Authentication\\Sign in\\Positive\\20240829_133853\\appium_error.log, D:\\Automation Project\\Data Plain - Android\\Reports\\20240829_133853\\Authentication\\Sign in\\Positive\\20240829_133853\\execution0.log"/>
         <property name="attachments" value=""/>
         <property name="hostName" value="Ali Asad - 172.10.0.89"/>
         <property name="os" value="Windows 10 64bit"/>
         <property name="appiumServerStatus" value="{&quot;value&quot;:{&quot;ready&quot;:true,&quot;message&quot;:&quot;The server is ready to accept new connections&quot;,&quot;build&quot;:{&quot;version&quot;:&quot;2.11.3&quot;}}}"/>
         <property name="katalonVersion" value="9.5.0.217"/>
         <property name="deviceOS" value="Android"/>
         <property name="appiumVersion" value="2.11.3"/>
         <property name="deviceModel" value="23028RNCAG"/>
         <property name="hostAddress" value="172.10.0.89"/>
         <property name="deviceManufacturer" value="Xiaomi"/>
         <property name="deviceId" value="KV7PQ4IZB6FEAYBM"/>
         <property name="deviceName" value="Xiaomi 23028RNCAG (Android 13)"/>
         <property name="deviceOSVersion" value="13"/>
      </properties>
      <testcase name="Test Cases/Authentication/Sign in/Positive Test Cases/Sign in (Remember Me Selected)" time="68.151" classname="Test Cases/Authentication/Sign in/Positive Test Cases/Sign in (Remember Me Selected)" status="PASSED">
         <system-out><![CDATA[29-08-2024T13:39:03 - [TEST_CASE][PASSED] - Test Cases/Authentication/Sign in/Positive Test Cases/Sign in (Remember Me Selected): Test Cases/Authentication/Sign in/Positive Test Cases/Sign in (Remember Me Selected)

29-08-2024T13:39:04 - [TEST_STEP][PASSED] - packageName = "com.senarios.dataplain.dev": null

29-08-2024T13:39:04 - [TEST_STEP][PASSED] - clearCacheCommand = "adb shell pm clear " + "com.senarios.dataplain.dev": null

29-08-2024T13:39:05 - [TEST_STEP][PASSED] - try: Cache and storage cleared for package: com.senarios.dataplain.dev

29-08-2024T13:39:05 - [TEST_STEP][PASSED] - process = getRuntime().exec(clearCacheCommand): null

29-08-2024T13:39:05 - [TEST_STEP][PASSED] - process.waitFor(): null

29-08-2024T13:39:05 - [TEST_STEP][PASSED] - output = text: null

29-08-2024T13:39:05 - [TEST_STEP][PASSED] - error = text: null

29-08-2024T13:39:05 - [TEST_STEP][PASSED] - if (output): Output: Success


29-08-2024T13:39:05 - [TEST_STEP][PASSED] - logInfo("Output: " + output): Output: Success


29-08-2024T13:39:05 - [MESSAGE][INFO] - Output: Success


29-08-2024T13:39:05 - [TEST_STEP][PASSED] - if (error): null

29-08-2024T13:39:05 - [TEST_STEP][PASSED] - logInfo("Cache and storage cleared for package: " + "com.senarios.dataplain.dev"): Cache and storage cleared for package: com.senarios.dataplain.dev

29-08-2024T13:39:06 - [MESSAGE][INFO] - Cache and storage cleared for package: com.senarios.dataplain.dev

29-08-2024T13:39:06 - [TEST_STEP][PASSED] - startExistingApplication("com.senarios.dataplain.dev"): Starting application with Id: 'com.senarios.dataplain.dev'

29-08-2024T13:39:07 - [MESSAGE][INFO] - User set preference: ['deviceId', '']

29-08-2024T13:39:07 - [MESSAGE][INFO] - Detected NodeJS location: "C:\Program Files\nodejs\node.exe"

29-08-2024T13:39:12 - [MESSAGE][INFO] - PATH: C:\Program Files\nodejs;

29-08-2024T13:39:12 - [MESSAGE][INFO] - APPIUM_HOME: C:\Users\Ali Asad\.appium

29-08-2024T13:39:12 - [MESSAGE][INFO] - appium outlog: D:\Automation Project\Data Plain - Android\Reports\20240829_133853\Authentication\Sign in\Positive\20240829_133853\appium.log

29-08-2024T13:39:12 - [MESSAGE][INFO] - appium errlog: D:\Automation Project\Data Plain - Android\Reports\20240829_133853\Authentication\Sign in\Positive\20240829_133853\appium_error.log

29-08-2024T13:39:18 - [MESSAGE][INFO] - Appium server started on port 8,960

29-08-2024T13:39:30 - [MESSAGE][PASSED] - Starting application with Id: 'com.senarios.dataplain.dev'

29-08-2024T13:39:30 - [TEST_STEP][PASSED] - tap(findTestObject("Sign in/android.widget.Button - ALLOW"), 0): Tapped on element 'Object Repository/Sign in/android.widget.Button - ALLOW'

29-08-2024T13:39:31 - [MESSAGE][WARNING] - Timeout '0' is invalid. Using default page load timeout: '10'

29-08-2024T13:39:41 - [MESSAGE][PASSED] - Tapped on element 'Object Repository/Sign in/android.widget.Button - ALLOW'

29-08-2024T13:39:41 - [TEST_STEP][PASSED] - tap(findTestObject("Object Repository/Sign in/android.widget.Button"), 0): Tapped on element 'Object Repository/Sign in/android.widget.Button'

29-08-2024T13:39:41 - [MESSAGE][WARNING] - Timeout '0' is invalid. Using default page load timeout: '10'

29-08-2024T13:39:42 - [MESSAGE][PASSED] - Tapped on element 'Object Repository/Sign in/android.widget.Button'

29-08-2024T13:39:42 - [TEST_STEP][PASSED] - setText(findTestObject("Object Repository/Sign in/android.widget.EditText"), "tester24@yopmail.com", 0): Text 'tester24@yopmail.com' has been set to element 'Object Repository/Sign in/android.widget.EditText'

29-08-2024T13:39:42 - [MESSAGE][WARNING] - Timeout '0' is invalid. Using default page load timeout: '10'

29-08-2024T13:39:45 - [MESSAGE][PASSED] - Text 'tester24@yopmail.com' has been set to element 'Object Repository/Sign in/android.widget.EditText'

29-08-2024T13:39:45 - [TEST_STEP][PASSED] - pressBack(): Press back button successfully

29-08-2024T13:39:46 - [MESSAGE][PASSED] - Press back button successfully

29-08-2024T13:39:46 - [TEST_STEP][PASSED] - setText(findTestObject("Object Repository/Sign in/android.widget.EditText (1)"), "Pakistan@1", 0): Text 'Pakistan@1' has been set to element 'Object Repository/Sign in/android.widget.EditText (1)'

29-08-2024T13:39:46 - [MESSAGE][WARNING] - Timeout '0' is invalid. Using default page load timeout: '10'

29-08-2024T13:39:48 - [MESSAGE][PASSED] - Text 'Pakistan@1' has been set to element 'Object Repository/Sign in/android.widget.EditText (1)'

29-08-2024T13:39:48 - [TEST_STEP][PASSED] - pressBack(): Press back button successfully

29-08-2024T13:39:49 - [MESSAGE][PASSED] - Press back button successfully

29-08-2024T13:39:49 - [TEST_STEP][PASSED] - tap(findTestObject("Object Repository/Sign in/android.widget.CheckBox"), 0): Tapped on element 'Object Repository/Sign in/android.widget.CheckBox'

29-08-2024T13:39:49 - [MESSAGE][WARNING] - Timeout '0' is invalid. Using default page load timeout: '10'

29-08-2024T13:39:51 - [MESSAGE][PASSED] - Tapped on element 'Object Repository/Sign in/android.widget.CheckBox'

29-08-2024T13:39:51 - [TEST_STEP][PASSED] - tap(findTestObject("Object Repository/Sign in/android.widget.Button (1)"), 0): Tapped on element 'Object Repository/Sign in/android.widget.Button (1)'

29-08-2024T13:39:51 - [MESSAGE][WARNING] - Timeout '0' is invalid. Using default page load timeout: '10'

29-08-2024T13:39:53 - [MESSAGE][PASSED] - Tapped on element 'Object Repository/Sign in/android.widget.Button (1)'

29-08-2024T13:39:53 - [TEST_STEP][PASSED] - delay(8, STOP_ON_FAILURE): Delayed 8 second(s)

29-08-2024T13:40:01 - [MESSAGE][PASSED] - Delayed 8 second(s)

29-08-2024T13:40:01 - [TEST_STEP][PASSED] - verifyElementExist(findTestObject("Sign in/n1/android.view.View"), 0): Element 'Object Repository/Sign in/n1/android.view.View' is exist

29-08-2024T13:40:01 - [MESSAGE][WARNING] - Timeout '0' is invalid. Using default page load timeout: '10'

29-08-2024T13:40:02 - [MESSAGE][PASSED] - Element 'Object Repository/Sign in/n1/android.view.View' is exist

29-08-2024T13:40:02 - [TEST_STEP][PASSED] - verifyElementExist(findTestObject("Sign in/n1/android.widget.ImageView"), 0): Element 'Object Repository/Sign in/n1/android.widget.ImageView' is exist

29-08-2024T13:40:02 - [MESSAGE][WARNING] - Timeout '0' is invalid. Using default page load timeout: '10'

29-08-2024T13:40:03 - [MESSAGE][PASSED] - Element 'Object Repository/Sign in/n1/android.widget.ImageView' is exist

29-08-2024T13:40:03 - [TEST_STEP][PASSED] - delay(0.5, STOP_ON_FAILURE): Delayed 0.5 second(s)

29-08-2024T13:40:03 - [MESSAGE][PASSED] - Delayed 0.5 second(s)

29-08-2024T13:40:03 - [TEST_STEP][PASSED] - tap(findTestObject("Object Repository/Sign in/Remember Me/android.view.View"), 0): Tapped on element 'Object Repository/Sign in/Remember Me/android.view.View'

29-08-2024T13:40:03 - [MESSAGE][WARNING] - Timeout '0' is invalid. Using default page load timeout: '10'

29-08-2024T13:40:05 - [MESSAGE][PASSED] - Tapped on element 'Object Repository/Sign in/Remember Me/android.view.View'

29-08-2024T13:40:05 - [TEST_STEP][PASSED] - tap(findTestObject("Object Repository/Sign in/Remember Me/android.widget.ImageView"), 0): Tapped on element 'Object Repository/Sign in/Remember Me/android.widget.ImageView'

29-08-2024T13:40:05 - [MESSAGE][WARNING] - Timeout '0' is invalid. Using default page load timeout: '10'

29-08-2024T13:40:06 - [MESSAGE][PASSED] - Tapped on element 'Object Repository/Sign in/Remember Me/android.widget.ImageView'

29-08-2024T13:40:06 - [TEST_STEP][PASSED] - verifyElementText(findTestObject("Object Repository/Sign in/Remember Me/android.widget.EditText - tester24yopmail.com"), "tester24@yopmail.com"): Actual text and expected text of test object 'Object Repository/Sign in/Remember Me/android.widget.EditText - tester24yopmail.com' are matched.

29-08-2024T13:40:07 - [MESSAGE][PASSED] - Actual text and expected text of test object 'Object Repository/Sign in/Remember Me/android.widget.EditText - tester24yopmail.com' are matched.

29-08-2024T13:40:07 - [TEST_STEP][PASSED] - closeApplication(): Close app successfully

29-08-2024T13:40:09 - [MESSAGE][PASSED] - Close app successfully]]></system-out>
         <system-err><![CDATA[]]></system-err>
      </testcase>
      <testcase name="Test Cases/Authentication/Sign in/Positive Test Cases/Sign in (Uncheck Remember Me)" time="55.89" classname="Test Cases/Authentication/Sign in/Positive Test Cases/Sign in (Uncheck Remember Me)" status="PASSED">
         <system-out><![CDATA[29-08-2024T13:40:11 - [TEST_CASE][PASSED] - Test Cases/Authentication/Sign in/Positive Test Cases/Sign in (Uncheck Remember Me): Test Cases/Authentication/Sign in/Positive Test Cases/Sign in (Uncheck Remember Me)

29-08-2024T13:40:11 - [TEST_STEP][PASSED] - packageName = "com.senarios.dataplain.dev": null

29-08-2024T13:40:11 - [TEST_STEP][PASSED] - clearCacheCommand = "adb shell pm clear " + "com.senarios.dataplain.dev": null

29-08-2024T13:40:11 - [TEST_STEP][PASSED] - try: Cache and storage cleared for package: com.senarios.dataplain.dev

29-08-2024T13:40:11 - [TEST_STEP][PASSED] - process = getRuntime().exec(clearCacheCommand): null

29-08-2024T13:40:11 - [TEST_STEP][PASSED] - process.waitFor(): null

29-08-2024T13:40:12 - [TEST_STEP][PASSED] - output = text: null

29-08-2024T13:40:12 - [TEST_STEP][PASSED] - error = text: null

29-08-2024T13:40:12 - [TEST_STEP][PASSED] - if (output): Output: Success


29-08-2024T13:40:12 - [TEST_STEP][PASSED] - logInfo("Output: " + output): Output: Success


29-08-2024T13:40:12 - [MESSAGE][INFO] - Output: Success


29-08-2024T13:40:12 - [TEST_STEP][PASSED] - if (error): null

29-08-2024T13:40:12 - [TEST_STEP][PASSED] - logInfo("Cache and storage cleared for package: " + "com.senarios.dataplain.dev"): Cache and storage cleared for package: com.senarios.dataplain.dev

29-08-2024T13:40:12 - [MESSAGE][INFO] - Cache and storage cleared for package: com.senarios.dataplain.dev

29-08-2024T13:40:12 - [TEST_STEP][PASSED] - startExistingApplication("com.senarios.dataplain.dev"): Starting application with Id: 'com.senarios.dataplain.dev'

29-08-2024T13:40:12 - [MESSAGE][INFO] - User set preference: ['deviceId', '']

29-08-2024T13:40:12 - [MESSAGE][INFO] - Detected NodeJS location: "C:\Program Files\nodejs\node.exe"

29-08-2024T13:40:17 - [MESSAGE][INFO] - PATH: C:\Program Files\nodejs;

29-08-2024T13:40:17 - [MESSAGE][INFO] - APPIUM_HOME: C:\Users\Ali Asad\.appium

29-08-2024T13:40:17 - [MESSAGE][INFO] - appium outlog: D:\Automation Project\Data Plain - Android\Reports\20240829_133853\Authentication\Sign in\Positive\20240829_133853\appium.log

29-08-2024T13:40:17 - [MESSAGE][INFO] - appium errlog: D:\Automation Project\Data Plain - Android\Reports\20240829_133853\Authentication\Sign in\Positive\20240829_133853\appium_error.log

29-08-2024T13:40:21 - [MESSAGE][INFO] - Appium server started on port 9,267

29-08-2024T13:40:30 - [MESSAGE][PASSED] - Starting application with Id: 'com.senarios.dataplain.dev'

29-08-2024T13:40:30 - [TEST_STEP][PASSED] - tap(findTestObject("Sign in/android.widget.Button - ALLOW"), 0): Tapped on element 'Object Repository/Sign in/android.widget.Button - ALLOW'

29-08-2024T13:40:30 - [MESSAGE][WARNING] - Timeout '0' is invalid. Using default page load timeout: '10'

29-08-2024T13:40:39 - [MESSAGE][PASSED] - Tapped on element 'Object Repository/Sign in/android.widget.Button - ALLOW'

29-08-2024T13:40:39 - [TEST_STEP][PASSED] - tap(findTestObject("Object Repository/Sign in/android.widget.Button"), 0): Tapped on element 'Object Repository/Sign in/android.widget.Button'

29-08-2024T13:40:39 - [MESSAGE][WARNING] - Timeout '0' is invalid. Using default page load timeout: '10'

29-08-2024T13:40:40 - [MESSAGE][PASSED] - Tapped on element 'Object Repository/Sign in/android.widget.Button'

29-08-2024T13:40:40 - [TEST_STEP][PASSED] - setText(findTestObject("Object Repository/Sign in/android.widget.EditText"), "tester24@yopmail.com", 0): Text 'tester24@yopmail.com' has been set to element 'Object Repository/Sign in/android.widget.EditText'

29-08-2024T13:40:40 - [MESSAGE][WARNING] - Timeout '0' is invalid. Using default page load timeout: '10'

29-08-2024T13:40:43 - [MESSAGE][PASSED] - Text 'tester24@yopmail.com' has been set to element 'Object Repository/Sign in/android.widget.EditText'

29-08-2024T13:40:43 - [TEST_STEP][PASSED] - pressBack(): Press back button successfully

29-08-2024T13:40:44 - [MESSAGE][PASSED] - Press back button successfully

29-08-2024T13:40:44 - [TEST_STEP][PASSED] - setText(findTestObject("Object Repository/Sign in/android.widget.EditText (1)"), "Pakistan@1", 0): Text 'Pakistan@1' has been set to element 'Object Repository/Sign in/android.widget.EditText (1)'

29-08-2024T13:40:44 - [MESSAGE][WARNING] - Timeout '0' is invalid. Using default page load timeout: '10'

29-08-2024T13:40:46 - [MESSAGE][PASSED] - Text 'Pakistan@1' has been set to element 'Object Repository/Sign in/android.widget.EditText (1)'

29-08-2024T13:40:46 - [TEST_STEP][PASSED] - pressBack(): Press back button successfully

29-08-2024T13:40:47 - [MESSAGE][PASSED] - Press back button successfully

29-08-2024T13:40:47 - [TEST_STEP][PASSED] - tap(findTestObject("Object Repository/Sign in/android.widget.Button (1)"), 0): Tapped on element 'Object Repository/Sign in/android.widget.Button (1)'

29-08-2024T13:40:47 - [MESSAGE][WARNING] - Timeout '0' is invalid. Using default page load timeout: '10'

29-08-2024T13:40:49 - [MESSAGE][PASSED] - Tapped on element 'Object Repository/Sign in/android.widget.Button (1)'

29-08-2024T13:40:49 - [TEST_STEP][PASSED] - delay(8, STOP_ON_FAILURE): Delayed 8 second(s)

29-08-2024T13:40:57 - [MESSAGE][PASSED] - Delayed 8 second(s)

29-08-2024T13:40:57 - [TEST_STEP][PASSED] - verifyElementExist(findTestObject("Sign in/n1/android.view.View"), 0): Element 'Object Repository/Sign in/n1/android.view.View' is exist

29-08-2024T13:40:57 - [MESSAGE][WARNING] - Timeout '0' is invalid. Using default page load timeout: '10'

29-08-2024T13:40:58 - [MESSAGE][PASSED] - Element 'Object Repository/Sign in/n1/android.view.View' is exist

29-08-2024T13:40:58 - [TEST_STEP][PASSED] - verifyElementExist(findTestObject("Sign in/n1/android.widget.ImageView"), 0): Element 'Object Repository/Sign in/n1/android.widget.ImageView' is exist

29-08-2024T13:40:58 - [MESSAGE][WARNING] - Timeout '0' is invalid. Using default page load timeout: '10'

29-08-2024T13:40:59 - [MESSAGE][PASSED] - Element 'Object Repository/Sign in/n1/android.widget.ImageView' is exist

29-08-2024T13:40:59 - [TEST_STEP][PASSED] - delay(0.5, STOP_ON_FAILURE): Delayed 0.5 second(s)

29-08-2024T13:40:59 - [MESSAGE][PASSED] - Delayed 0.5 second(s)

29-08-2024T13:40:59 - [TEST_STEP][PASSED] - tap(findTestObject("Object Repository/Sign in/Remember Me/android.view.View"), 0): Tapped on element 'Object Repository/Sign in/Remember Me/android.view.View'

29-08-2024T13:40:59 - [MESSAGE][WARNING] - Timeout '0' is invalid. Using default page load timeout: '10'

29-08-2024T13:41:01 - [MESSAGE][PASSED] - Tapped on element 'Object Repository/Sign in/Remember Me/android.view.View'

29-08-2024T13:41:01 - [TEST_STEP][PASSED] - tap(findTestObject("Object Repository/Sign in/Remember Me/android.widget.ImageView"), 0): Tapped on element 'Object Repository/Sign in/Remember Me/android.widget.ImageView'

29-08-2024T13:41:01 - [MESSAGE][WARNING] - Timeout '0' is invalid. Using default page load timeout: '10'

29-08-2024T13:41:02 - [MESSAGE][PASSED] - Tapped on element 'Object Repository/Sign in/Remember Me/android.widget.ImageView'

29-08-2024T13:41:02 - [TEST_STEP][PASSED] - verifyElementText(findTestObject("Object Repository/Sign in/Remember Me/android.widget.EditText - tester24yopmail.com"), ""): Actual text and expected text of test object 'Object Repository/Sign in/Remember Me/android.widget.EditText - tester24yopmail.com' are matched.

29-08-2024T13:41:03 - [MESSAGE][PASSED] - Actual text and expected text of test object 'Object Repository/Sign in/Remember Me/android.widget.EditText - tester24yopmail.com' are matched.

29-08-2024T13:41:03 - [TEST_STEP][PASSED] - closeApplication(): Close app successfully

29-08-2024T13:41:05 - [MESSAGE][PASSED] - Close app successfully]]></system-out>
         <system-err><![CDATA[]]></system-err>
      </testcase>
      <testcase name="Test Cases/Authentication/Sign in/Positive Test Cases/Sign in (Valid Cred)" time="54.161" classname="Test Cases/Authentication/Sign in/Positive Test Cases/Sign in (Valid Cred)" status="PASSED">
         <system-out><![CDATA[29-08-2024T13:41:07 - [TEST_CASE][PASSED] - Test Cases/Authentication/Sign in/Positive Test Cases/Sign in (Valid Cred): Test Cases/Authentication/Sign in/Positive Test Cases/Sign in (Valid Cred)

29-08-2024T13:41:07 - [TEST_STEP][PASSED] - packageName = "com.senarios.dataplain.dev": null

29-08-2024T13:41:07 - [TEST_STEP][PASSED] - clearCacheCommand = "adb shell pm clear " + "com.senarios.dataplain.dev": null

29-08-2024T13:41:07 - [TEST_STEP][PASSED] - try: Cache and storage cleared for package: com.senarios.dataplain.dev

29-08-2024T13:41:07 - [TEST_STEP][PASSED] - process = getRuntime().exec(clearCacheCommand): null

29-08-2024T13:41:07 - [TEST_STEP][PASSED] - process.waitFor(): null

29-08-2024T13:41:08 - [TEST_STEP][PASSED] - output = text: null

29-08-2024T13:41:08 - [TEST_STEP][PASSED] - error = text: null

29-08-2024T13:41:08 - [TEST_STEP][PASSED] - if (output): Output: Success


29-08-2024T13:41:08 - [TEST_STEP][PASSED] - logInfo("Output: " + output): Output: Success


29-08-2024T13:41:08 - [MESSAGE][INFO] - Output: Success


29-08-2024T13:41:08 - [TEST_STEP][PASSED] - if (error): null

29-08-2024T13:41:08 - [TEST_STEP][PASSED] - logInfo("Cache and storage cleared for package: " + "com.senarios.dataplain.dev"): Cache and storage cleared for package: com.senarios.dataplain.dev

29-08-2024T13:41:08 - [MESSAGE][INFO] - Cache and storage cleared for package: com.senarios.dataplain.dev

29-08-2024T13:41:08 - [TEST_STEP][PASSED] - startExistingApplication("com.senarios.dataplain.dev"): Starting application with Id: 'com.senarios.dataplain.dev'

29-08-2024T13:41:08 - [MESSAGE][INFO] - User set preference: ['deviceId', '']

29-08-2024T13:41:08 - [MESSAGE][INFO] - Detected NodeJS location: "C:\Program Files\nodejs\node.exe"

29-08-2024T13:41:13 - [MESSAGE][INFO] - PATH: C:\Program Files\nodejs;

29-08-2024T13:41:13 - [MESSAGE][INFO] - APPIUM_HOME: C:\Users\Ali Asad\.appium

29-08-2024T13:41:13 - [MESSAGE][INFO] - appium outlog: D:\Automation Project\Data Plain - Android\Reports\20240829_133853\Authentication\Sign in\Positive\20240829_133853\appium.log

29-08-2024T13:41:13 - [MESSAGE][INFO] - appium errlog: D:\Automation Project\Data Plain - Android\Reports\20240829_133853\Authentication\Sign in\Positive\20240829_133853\appium_error.log

29-08-2024T13:41:17 - [MESSAGE][INFO] - Appium server started on port 9,555

29-08-2024T13:41:26 - [MESSAGE][PASSED] - Starting application with Id: 'com.senarios.dataplain.dev'

29-08-2024T13:41:26 - [TEST_STEP][PASSED] - tap(findTestObject("Sign in/android.widget.Button - ALLOW"), 0): Tapped on element 'Object Repository/Sign in/android.widget.Button - ALLOW'

29-08-2024T13:41:26 - [MESSAGE][WARNING] - Timeout '0' is invalid. Using default page load timeout: '10'

29-08-2024T13:41:35 - [MESSAGE][PASSED] - Tapped on element 'Object Repository/Sign in/android.widget.Button - ALLOW'

29-08-2024T13:41:35 - [TEST_STEP][PASSED] - tap(findTestObject("Object Repository/Sign in/android.widget.Button"), 0): Tapped on element 'Object Repository/Sign in/android.widget.Button'

29-08-2024T13:41:35 - [MESSAGE][WARNING] - Timeout '0' is invalid. Using default page load timeout: '10'

29-08-2024T13:41:37 - [MESSAGE][PASSED] - Tapped on element 'Object Repository/Sign in/android.widget.Button'

29-08-2024T13:41:37 - [TEST_STEP][PASSED] - setText(findTestObject("Object Repository/Sign in/android.widget.EditText"), "tester24@yopmail.com", 0): Text 'tester24@yopmail.com' has been set to element 'Object Repository/Sign in/android.widget.EditText'

29-08-2024T13:41:37 - [MESSAGE][WARNING] - Timeout '0' is invalid. Using default page load timeout: '10'

29-08-2024T13:41:39 - [MESSAGE][PASSED] - Text 'tester24@yopmail.com' has been set to element 'Object Repository/Sign in/android.widget.EditText'

29-08-2024T13:41:39 - [TEST_STEP][PASSED] - pressBack(): Press back button successfully

29-08-2024T13:41:40 - [MESSAGE][PASSED] - Press back button successfully

29-08-2024T13:41:40 - [TEST_STEP][PASSED] - setText(findTestObject("Object Repository/Sign in/android.widget.EditText (1)"), "Pakistan@1", 0): Text 'Pakistan@1' has been set to element 'Object Repository/Sign in/android.widget.EditText (1)'

29-08-2024T13:41:40 - [MESSAGE][WARNING] - Timeout '0' is invalid. Using default page load timeout: '10'

29-08-2024T13:41:43 - [MESSAGE][PASSED] - Text 'Pakistan@1' has been set to element 'Object Repository/Sign in/android.widget.EditText (1)'

29-08-2024T13:41:43 - [TEST_STEP][PASSED] - pressBack(): Press back button successfully

29-08-2024T13:41:43 - [MESSAGE][PASSED] - Press back button successfully

29-08-2024T13:41:43 - [TEST_STEP][PASSED] - tap(findTestObject("Object Repository/Sign in/android.widget.CheckBox"), 0): Tapped on element 'Object Repository/Sign in/android.widget.CheckBox'

29-08-2024T13:41:43 - [MESSAGE][WARNING] - Timeout '0' is invalid. Using default page load timeout: '10'

29-08-2024T13:41:45 - [MESSAGE][PASSED] - Tapped on element 'Object Repository/Sign in/android.widget.CheckBox'

29-08-2024T13:41:45 - [TEST_STEP][PASSED] - tap(findTestObject("Object Repository/Sign in/android.widget.Button (1)"), 0): Tapped on element 'Object Repository/Sign in/android.widget.Button (1)'

29-08-2024T13:41:45 - [MESSAGE][WARNING] - Timeout '0' is invalid. Using default page load timeout: '10'

29-08-2024T13:41:47 - [MESSAGE][PASSED] - Tapped on element 'Object Repository/Sign in/android.widget.Button (1)'

29-08-2024T13:41:47 - [TEST_STEP][PASSED] - delay(8, STOP_ON_FAILURE): Delayed 8 second(s)

29-08-2024T13:41:55 - [MESSAGE][PASSED] - Delayed 8 second(s)

29-08-2024T13:41:55 - [TEST_STEP][PASSED] - verifyElementExist(findTestObject("Sign in/n1/android.view.View"), 0): Element 'Object Repository/Sign in/n1/android.view.View' is exist

29-08-2024T13:41:55 - [MESSAGE][WARNING] - Timeout '0' is invalid. Using default page load timeout: '10'

29-08-2024T13:41:56 - [MESSAGE][PASSED] - Element 'Object Repository/Sign in/n1/android.view.View' is exist

29-08-2024T13:41:56 - [TEST_STEP][PASSED] - verifyElementExist(findTestObject("Sign in/n1/android.widget.ImageView"), 0): Element 'Object Repository/Sign in/n1/android.widget.ImageView' is exist

29-08-2024T13:41:56 - [MESSAGE][WARNING] - Timeout '0' is invalid. Using default page load timeout: '10'

29-08-2024T13:41:56 - [MESSAGE][PASSED] - Element 'Object Repository/Sign in/n1/android.widget.ImageView' is exist

29-08-2024T13:41:56 - [TEST_STEP][PASSED] - delay(0.5, STOP_ON_FAILURE): Delayed 0.5 second(s)

29-08-2024T13:41:57 - [MESSAGE][PASSED] - Delayed 0.5 second(s)

29-08-2024T13:41:57 - [TEST_STEP][PASSED] - closeApplication(): Close app successfully

29-08-2024T13:41:59 - [MESSAGE][PASSED] - Close app successfully]]></system-out>
         <system-err><![CDATA[]]></system-err>
      </testcase>
      <system-out><![CDATA[29-08-2024T13:39:02 - [TEST_SUITE][PASSED] - Positive: Test Cases/Authentication/Sign in/Positive Test Cases/Sign in (Valid Cred)]]></system-out>
      <system-err><![CDATA[]]></system-err>
   </testsuite>
</testsuites>
